  DB.cpp
c:\program files (x86)\mysql\mysql connector c++ 1.1.7\include\cppconn\sqlstring.h(39): warning C4251: 'sql::SQLString::realStr': class 'std::basic_string<char,std::char_traits<char>,std::allocator<char>>' necesita tener una interfaz DLL para que la utilicen los clientes de class 'sql::SQLString'
c:\program files (x86)\mysql\mysql connector c++ 1.1.7\include\cppconn\exception.h(61): warning C4251: 'sql::SQLException::sql_state': class 'std::basic_string<char,std::char_traits<char>,std::allocator<char>>' necesita tener una interfaz DLL para que la utilicen los clientes de class 'sql::SQLException'
c:\program files (x86)\mysql\mysql connector c++ 1.1.7\include\cppconn\exception.h(145): warning C4251: 'sql::SQLUnsupportedOptionException::option': class 'std::basic_string<char,std::char_traits<char>,std::allocator<char>>' necesita tener una interfaz DLL para que la utilicen los clientes de struct 'sql::SQLUnsupportedOptionException'
C:\Program Files (x86)\MySQL\MySQL Connector C++ 1.1.7\include\mysql_connection.h(175): warning C4251: 'sql::mysql::MySQL_Connection::proxy': class 'boost::shared_ptr<sql::mysql::NativeAPI::NativeConnectionWrapper>' necesita tener una interfaz DLL para que la utilicen los clientes de class 'sql::mysql::MySQL_Connection'
C:\Program Files (x86)\MySQL\MySQL Connector C++ 1.1.7\include\mysql_connection.h(179): warning C4251: 'sql::mysql::MySQL_Connection::service': class 'boost::scoped_ptr<sql::mysql::MySQL_Statement>' necesita tener una interfaz DLL para que la utilicen los clientes de class 'sql::mysql::MySQL_Connection'
C:\Program Files (x86)\MySQL\MySQL Connector C++ 1.1.7\include\mysql_connection.h(181): warning C4251: 'sql::mysql::MySQL_Connection::intern': class 'boost::scoped_ptr<sql::mysql::MySQL_ConnectionData>' necesita tener una interfaz DLL para que la utilicen los clientes de class 'sql::mysql::MySQL_Connection'
C:\Program Files (x86)\MySQL\MySQL Connector C++ 1.1.7\include\mysql_driver.h(52): warning C4251: 'sql::mysql::MySQL_Driver::proxy': class 'boost::scoped_ptr<sql::mysql::NativeAPI::NativeDriverWrapper>' necesita tener una interfaz DLL para que la utilicen los clientes de class 'sql::mysql::MySQL_Driver'
DB.cpp(101): warning C4101: 'ex': variable local sin referencia
DB.cpp(116): warning C4101: 'ex': variable local sin referencia
DB.cpp(120): warning C4101: 'ex': variable local sin referencia
  AccessDB.cpp
c:\program files (x86)\mysql\mysql connector c++ 1.1.7\include\cppconn\sqlstring.h(39): warning C4251: 'sql::SQLString::realStr': class 'std::basic_string<char,std::char_traits<char>,std::allocator<char>>' necesita tener una interfaz DLL para que la utilicen los clientes de class 'sql::SQLString'
c:\program files (x86)\mysql\mysql connector c++ 1.1.7\include\cppconn\exception.h(61): warning C4251: 'sql::SQLException::sql_state': class 'std::basic_string<char,std::char_traits<char>,std::allocator<char>>' necesita tener una interfaz DLL para que la utilicen los clientes de class 'sql::SQLException'
c:\program files (x86)\mysql\mysql connector c++ 1.1.7\include\cppconn\exception.h(145): warning C4251: 'sql::SQLUnsupportedOptionException::option': class 'std::basic_string<char,std::char_traits<char>,std::allocator<char>>' necesita tener una interfaz DLL para que la utilicen los clientes de struct 'sql::SQLUnsupportedOptionException'
C:\Program Files (x86)\MySQL\MySQL Connector C++ 1.1.7\include\mysql_connection.h(175): warning C4251: 'sql::mysql::MySQL_Connection::proxy': class 'boost::shared_ptr<sql::mysql::NativeAPI::NativeConnectionWrapper>' necesita tener una interfaz DLL para que la utilicen los clientes de class 'sql::mysql::MySQL_Connection'
C:\Program Files (x86)\MySQL\MySQL Connector C++ 1.1.7\include\mysql_connection.h(179): warning C4251: 'sql::mysql::MySQL_Connection::service': class 'boost::scoped_ptr<sql::mysql::MySQL_Statement>' necesita tener una interfaz DLL para que la utilicen los clientes de class 'sql::mysql::MySQL_Connection'
C:\Program Files (x86)\MySQL\MySQL Connector C++ 1.1.7\include\mysql_connection.h(181): warning C4251: 'sql::mysql::MySQL_Connection::intern': class 'boost::scoped_ptr<sql::mysql::MySQL_ConnectionData>' necesita tener una interfaz DLL para que la utilicen los clientes de class 'sql::mysql::MySQL_Connection'
C:\Program Files (x86)\MySQL\MySQL Connector C++ 1.1.7\include\mysql_driver.h(52): warning C4251: 'sql::mysql::MySQL_Driver::proxy': class 'boost::scoped_ptr<sql::mysql::NativeAPI::NativeDriverWrapper>' necesita tener una interfaz DLL para que la utilicen los clientes de class 'sql::mysql::MySQL_Driver'
AccessDB.cpp(21): warning C4101: 'e': variable local sin referencia
AccessDB.cpp(49): warning C4101: 'e': variable local sin referencia
  Hello_Impl.cpp
  interfaceSK.cc
omniORB4.lib(exception.o) : fatal error LNK1112: tipo de equipo del módulo 'X86' en conflicto con tipo de equipo de destino 'x64'
