  Main.cpp
c:\program files (x86)\mysql\mysql connector c++ 1.1.7\include\cppconn\sqlstring.h(39): warning C4251: 'sql::SQLString::realStr': class 'std::basic_string<char,std::char_traits<char>,std::allocator<char>>' necesita tener una interfaz DLL para que la utilicen los clientes de class 'sql::SQLString'
  C:\Program Files (x86)\Microsoft Visual Studio 14.0\VC\include\xstring(2628): note: vea la declaración de 'std::basic_string<char,std::char_traits<char>,std::allocator<char>>'
c:\program files (x86)\mysql\mysql connector c++ 1.1.7\include\cppconn\exception.h(61): warning C4251: 'sql::SQLException::sql_state': class 'std::basic_string<char,std::char_traits<char>,std::allocator<char>>' necesita tener una interfaz DLL para que la utilicen los clientes de class 'sql::SQLException'
  C:\Program Files (x86)\Microsoft Visual Studio 14.0\VC\include\xstring(2628): note: vea la declaración de 'std::basic_string<char,std::char_traits<char>,std::allocator<char>>'
c:\program files (x86)\mysql\mysql connector c++ 1.1.7\include\cppconn\exception.h(145): warning C4251: 'sql::SQLUnsupportedOptionException::option': class 'std::basic_string<char,std::char_traits<char>,std::allocator<char>>' necesita tener una interfaz DLL para que la utilicen los clientes de struct 'sql::SQLUnsupportedOptionException'
  C:\Program Files (x86)\Microsoft Visual Studio 14.0\VC\include\xstring(2628): note: vea la declaración de 'std::basic_string<char,std::char_traits<char>,std::allocator<char>>'
C:\Program Files (x86)\MySQL\MySQL Connector C++ 1.1.7\include\mysql_connection.h(175): warning C4251: 'sql::mysql::MySQL_Connection::proxy': class 'boost::shared_ptr<sql::mysql::NativeAPI::NativeConnectionWrapper>' necesita tener una interfaz DLL para que la utilicen los clientes de class 'sql::mysql::MySQL_Connection'
  C:\Program Files (x86)\MySQL\MySQL Connector C++ 1.1.7\include\mysql_connection.h(175): note: vea la declaración de 'boost::shared_ptr<sql::mysql::NativeAPI::NativeConnectionWrapper>'
C:\Program Files (x86)\MySQL\MySQL Connector C++ 1.1.7\include\mysql_connection.h(179): warning C4251: 'sql::mysql::MySQL_Connection::service': class 'boost::scoped_ptr<sql::mysql::MySQL_Statement>' necesita tener una interfaz DLL para que la utilicen los clientes de class 'sql::mysql::MySQL_Connection'
  C:\Program Files (x86)\MySQL\MySQL Connector C++ 1.1.7\include\mysql_connection.h(179): note: vea la declaración de 'boost::scoped_ptr<sql::mysql::MySQL_Statement>'
C:\Program Files (x86)\MySQL\MySQL Connector C++ 1.1.7\include\mysql_connection.h(181): warning C4251: 'sql::mysql::MySQL_Connection::intern': class 'boost::scoped_ptr<sql::mysql::MySQL_ConnectionData>' necesita tener una interfaz DLL para que la utilicen los clientes de class 'sql::mysql::MySQL_Connection'
  C:\Program Files (x86)\MySQL\MySQL Connector C++ 1.1.7\include\mysql_connection.h(181): note: vea la declaración de 'boost::scoped_ptr<sql::mysql::MySQL_ConnectionData>'
C:\Program Files (x86)\MySQL\MySQL Connector C++ 1.1.7\include\mysql_driver.h(52): warning C4251: 'sql::mysql::MySQL_Driver::proxy': class 'boost::scoped_ptr<sql::mysql::NativeAPI::NativeDriverWrapper>' necesita tener una interfaz DLL para que la utilicen los clientes de class 'sql::mysql::MySQL_Driver'
  C:\Program Files (x86)\MySQL\MySQL Connector C++ 1.1.7\include\mysql_driver.h(52): note: vea la declaración de 'boost::scoped_ptr<sql::mysql::NativeAPI::NativeDriverWrapper>'
Main.cpp(19): error C2259: 'Servidor': no se puede crear una instancia de una clase abstract
  Main.cpp(19): note: debido a los siguientes miembros:
  Main.cpp(19): note: 'void P2P::_impl_cs::pedirAmistad(const char *,const char *)': es abstracto
  c:\users\josemanuel\repos\muerteporpresedo\corba\corba\interface.hh(643): note: vea la declaración de 'P2P::_impl_cs::pedirAmistad'
  Main.cpp(19): note: 'P2P::amigos *P2P::_impl_cs::logueo(const char *,const char *)': es abstracto
  c:\users\josemanuel\repos\muerteporpresedo\corba\corba\interface.hh(644): note: vea la declaración de 'P2P::_impl_cs::logueo'
  Main.cpp(19): note: 'CORBA::Boolean P2P::_impl_cs::registro(const char *,const char *,const char *)': es abstracto
  c:\users\josemanuel\repos\muerteporpresedo\corba\corba\interface.hh(645): note: vea la declaración de 'P2P::_impl_cs::registro'
  Main.cpp(19): note: 'CORBA::Boolean P2P::_impl_cs::desregistro(const char *)': es abstracto
  c:\users\josemanuel\repos\muerteporpresedo\corba\corba\interface.hh(646): note: vea la declaración de 'P2P::_impl_cs::desregistro'
  Main.cpp(19): note: 'CORBA::Boolean P2P::_impl_cs::modPass(const char *,const char *,const char *)': es abstracto
  c:\users\josemanuel\repos\muerteporpresedo\corba\corba\interface.hh(647): note: vea la declaración de 'P2P::_impl_cs::modPass'
  Main.cpp(19): note: 'CORBA::Boolean P2P::_impl_cs::deslogueo(const char *)': es abstracto
  c:\users\josemanuel\repos\muerteporpresedo\corba\corba\interface.hh(648): note: vea la declaración de 'P2P::_impl_cs::deslogueo'
  Main.cpp(19): note: 'CORBA::Boolean P2P::_impl_cs::aceptarAmistad(const char *,const char *)': es abstracto
  c:\users\josemanuel\repos\muerteporpresedo\corba\corba\interface.hh(649): note: vea la declaración de 'P2P::_impl_cs::aceptarAmistad'
  Main.cpp(19): note: 'P2P::buscar *P2P::_impl_cs::buscaAmigos(const char *)': es abstracto
  c:\users\josemanuel\repos\muerteporpresedo\corba\corba\interface.hh(650): note: vea la declaración de 'P2P::_impl_cs::buscaAmigos'
